e:\my documents\visual studio 2013\projects\myfirstrpg\abstractcomponentsystem\debug\vc120.pdb
e:\my documents\visual studio 2013\projects\myfirstrpg\abstractcomponentsystem\debug\vc120.idb
e:\my documents\visual studio 2013\projects\myfirstrpg\abstractcomponentsystem\debug\s_entityfactory.obj
e:\my documents\visual studio 2013\projects\myfirstrpg\abstractcomponentsystem\debug\s_graphics.obj
e:\my documents\visual studio 2013\projects\myfirstrpg\abstractcomponentsystem\debug\s_input.obj
e:\my documents\visual studio 2013\projects\myfirstrpg\abstractcomponentsystem\debug\s_inventory.obj
e:\my documents\visual studio 2013\projects\myfirstrpg\abstractcomponentsystem\debug\s_linkedposition.obj
e:\my documents\visual studio 2013\projects\myfirstrpg\abstractcomponentsystem\debug\s_map.obj
e:\my documents\visual studio 2013\projects\myfirstrpg\abstractcomponentsystem\debug\s_physics.obj
e:\my documents\visual studio 2013\projects\myfirstrpg\abstractcomponentsystem\debug\s_targetentity.obj
e:\my documents\visual studio 2013\projects\myfirstrpg\abstractcomponentsystem\debug\s_tilechanger.obj
e:\my documents\visual studio 2013\projects\myfirstrpg\abstractcomponentsystem\debug\s_uigraphics.obj
e:\my documents\visual studio 2013\projects\myfirstrpg\abstractcomponentsystem\debug\s_worldobject.obj
e:\my documents\visual studio 2013\projects\myfirstrpg\abstractcomponentsystem\debug\ui.obj
e:\my documents\visual studio 2013\projects\myfirstrpg\abstractcomponentsystem\debug\uiactiveitem_cursor.obj
e:\my documents\visual studio 2013\projects\myfirstrpg\abstractcomponentsystem\debug\uiconsole.obj
e:\my documents\visual studio 2013\projects\myfirstrpg\abstractcomponentsystem\debug\uiexitmenu.obj
e:\my documents\visual studio 2013\projects\myfirstrpg\abstractcomponentsystem\debug\uinewactiveitem_cursor.obj
e:\my documents\visual studio 2013\projects\myfirstrpg\abstractcomponentsystem\debug\uiplayerinventory.obj
e:\my documents\visual studio 2013\projects\myfirstrpg\abstractcomponentsystem\debug\uiplayermenu.obj
e:\my documents\visual studio 2013\projects\myfirstrpg\abstractcomponentsystem\debug\ui_button.obj
e:\my documents\visual studio 2013\projects\myfirstrpg\abstractcomponentsystem\debug\worldobject_insertionsort.obj
e:\my documents\visual studio 2013\projects\myfirstrpg\abstractcomponentsystem\debug\c_input.obj
e:\my documents\visual studio 2013\projects\myfirstrpg\abstractcomponentsystem\debug\c_inventoryitem.obj
e:\my documents\visual studio 2013\projects\myfirstrpg\abstractcomponentsystem\debug\c_linkedposition.obj
e:\my documents\visual studio 2013\projects\myfirstrpg\abstractcomponentsystem\debug\c_physics.obj
e:\my documents\visual studio 2013\projects\myfirstrpg\abstractcomponentsystem\debug\c_presetname.obj
e:\my documents\visual studio 2013\projects\myfirstrpg\abstractcomponentsystem\debug\c_tilechanger.obj
e:\my documents\visual studio 2013\projects\myfirstrpg\abstractcomponentsystem\debug\c_worldobject.obj
e:\my documents\visual studio 2013\projects\myfirstrpg\abstractcomponentsystem\debug\gamestate.obj
e:\my documents\visual studio 2013\projects\myfirstrpg\abstractcomponentsystem\debug\g_functions.obj
e:\my documents\visual studio 2013\projects\myfirstrpg\abstractcomponentsystem\debug\isstate.obj
e:\my documents\visual studio 2013\projects\myfirstrpg\abstractcomponentsystem\debug\main.obj
e:\my documents\visual studio 2013\projects\myfirstrpg\abstractcomponentsystem\debug\mainmenustate.obj
e:\my documents\visual studio 2013\projects\myfirstrpg\abstractcomponentsystem\debug\mapcreatorstate.obj
e:\my documents\visual studio 2013\projects\myfirstrpg\abstractcomponentsystem\debug\mapselectstate.obj
e:\my documents\visual studio 2013\projects\myfirstrpg\abstractcomponentsystem\debug\pugixml.obj
e:\my documents\visual studio 2013\projects\myfirstrpg\abstractcomponentsystem\debug\settingsstate.obj
e:\my documents\visual studio 2013\projects\myfirstrpg\abstractcomponentsystem\debug\statestack.obj
e:\my documents\visual studio 2013\projects\myfirstrpg\abstractcomponentsystem\debug\systemmanager.obj
e:\my documents\visual studio 2013\projects\myfirstrpg\abstractcomponentsystem\debug\s_action.obj
e:\my documents\visual studio 2013\projects\myfirstrpg\abstractcomponentsystem\debug\s_droppeditems.obj
e:\my documents\visual studio 2013\projects\myfirstrpg\abstractcomponentsystem\debug\parser.obj
e:\my documents\visual studio 2013\projects\myfirstrpg\abstractcomponentsystem\debug\conversions.obj
e:\my documents\visual studio 2013\projects\myfirstrpg\abstractcomponentsystem\debug\locator.obj
e:\my documents\visual studio 2013\projects\myfirstrpg\abstractcomponentsystem\debug\null_soundservice.obj
e:\my documents\visual studio 2013\projects\myfirstrpg\abstractcomponentsystem\debug\sounddecorator.obj
e:\my documents\visual studio 2013\projects\myfirstrpg\abstractcomponentsystem\debug\soundservice.obj
e:\my documents\visual studio 2013\projects\myfirstrpg\abstractcomponentsystem\debug\component.obj
e:\my documents\visual studio 2013\projects\myfirstrpg\abstractcomponentsystem\debug\c_ai.obj
e:\my documents\visual studio 2013\projects\myfirstrpg\abstractcomponentsystem\debug\c_name.obj
e:\my documents\visual studio 2013\projects\myfirstrpg\abstractcomponentsystem\debug\c_portal.obj
e:\my documents\visual studio 2013\projects\myfirstrpg\abstractcomponentsystem\debug\eventlog.obj
e:\my documents\visual studio 2013\projects\myfirstrpg\abstractcomponentsystem\debug\s_ai.obj
e:\my documents\visual studio 2013\projects\myfirstrpg\abstractcomponentsystem\debug\s_music.obj
e:\my documents\visual studio 2013\projects\myfirstrpg\abstractcomponentsystem\debug\s_name.obj
e:\my documents\visual studio 2013\projects\myfirstrpg\abstractcomponentsystem\debug\s_portal.obj
e:\my documents\visual studio 2013\projects\myfirstrpg\abstractcomponentsystem\debug\s_sounds.obj
e:\my documents\visual studio 2013\projects\myfirstrpg\abstractcomponentsystem\debug\cursor.obj
e:\my documents\visual studio 2013\projects\myfirstrpg\abstractcomponentsystem\debug\c_action.obj
e:\my documents\visual studio 2013\projects\myfirstrpg\abstractcomponentsystem\debug\c_colidable.obj
e:\my documents\visual studio 2013\projects\myfirstrpg\abstractcomponentsystem\debug\c_graphics.obj
e:\my documents\visual studio 2013\projects\myfirstrpg\abstractcomponentsystem\debug\cmanager.obj
e:\my documents\visual studio 2013\projects\myfirstrpg\abstractcomponentsystem\debug\console.obj
e:\my documents\visual studio 2013\projects\myfirstrpg\abstractcomponentsystem\debug\files.obj
e:\my documents\visual studio 2013\projects\myfirstrpg\abstractcomponentsystem\debug\vc141.pdb
e:\my documents\visual studio 2013\projects\myfirstrpg\abstractcomponentsystem\debug\vc141.idb
e:\my documents\visual studio 2013\projects\myfirstrpg\abstractcomponentsystem\debug\s_damager.obj
e:\my documents\visual studio 2013\projects\myfirstrpg\abstractcomponentsystem\debug\s_health.obj
e:\my documents\visual studio 2013\projects\myfirstrpg\abstractcomponentsystem\debug\s_limb.obj
e:\my documents\visual studio 2013\projects\myfirstrpg\abstractcomponentsystem\debug\sys.obj
e:\my documents\visual studio 2013\projects\myfirstrpg\abstractcomponentsystem\debug\uiinfo.obj
e:\my documents\visual studio 2013\projects\myfirstrpg\abstractcomponentsystem\debug\bagitem.obj
e:\my documents\visual studio 2013\projects\myfirstrpg\abstractcomponentsystem\debug\bagitemlimb.obj
e:\my documents\visual studio 2013\projects\myfirstrpg\abstractcomponentsystem\debug\bagitemnormal.obj
e:\my documents\visual studio 2013\projects\myfirstrpg\debug\abstractcomponentsystem.ilk
e:\my documents\visual studio 2013\projects\myfirstrpg\debug\abstractcomponentsystem.exe
e:\my documents\visual studio 2013\projects\myfirstrpg\debug\abstractcomponentsystem.pdb
e:\my documents\visual studio 2013\projects\myfirstrpg\abstractcomponentsystem\debug\abstract.91ebff7f.tlog\cl.command.1.tlog
e:\my documents\visual studio 2013\projects\myfirstrpg\abstractcomponentsystem\debug\abstract.91ebff7f.tlog\cl.read.1.tlog
e:\my documents\visual studio 2013\projects\myfirstrpg\abstractcomponentsystem\debug\abstract.91ebff7f.tlog\cl.write.1.tlog
e:\my documents\visual studio 2013\projects\myfirstrpg\abstractcomponentsystem\debug\abstract.91ebff7f.tlog\link.command.1.tlog
e:\my documents\visual studio 2013\projects\myfirstrpg\abstractcomponentsystem\debug\abstract.91ebff7f.tlog\link.delete.1.tlog
e:\my documents\visual studio 2013\projects\myfirstrpg\abstractcomponentsystem\debug\abstract.91ebff7f.tlog\link.read.1.tlog
e:\my documents\visual studio 2013\projects\myfirstrpg\abstractcomponentsystem\debug\abstract.91ebff7f.tlog\link.write.1.tlog
