  s_Inventory.cpp
e:\my documents\visual studio 2013\projects\myfirstrpg\abstractcomponentsystem\systems\s_inventory.cpp(129): warning C4018: '>': signed/unsigned mismatch
e:\my documents\visual studio 2013\projects\myfirstrpg\abstractcomponentsystem\systems\s_inventory.cpp(146): warning C4018: '<': signed/unsigned mismatch
e:\program files\vs2017\vc\tools\msvc\14.10.25017\include\tuple(1140): error C2512: 'InvItems::InvItems': no appropriate default constructor available
  e:\program files\vs2017\vc\tools\msvc\14.10.25017\include\tuple(1155): note: see reference to function template instantiation 'std::pair<const _Kty,_Ty>::pair<std::tuple<const unsigned int &>,std::tuple<>,0,>(_Tuple1 &,_Tuple2 &,std::integer_sequence<unsigned int,0>,std::integer_sequence<::size_t>)' being compiled
          with
          [
              _Kty=unsigned int,
              _Ty=InvItems,
              _Tuple1=std::tuple<const unsigned int &>,
              _Tuple2=std::tuple<>
          ]
  e:\program files\vs2017\vc\tools\msvc\14.10.25017\include\tuple(1152): note: see reference to function template instantiation 'std::pair<const _Kty,_Ty>::pair<std::tuple<const unsigned int &>,std::tuple<>,0,>(_Tuple1 &,_Tuple2 &,std::integer_sequence<unsigned int,0>,std::integer_sequence<::size_t>)' being compiled
          with
          [
              _Kty=unsigned int,
              _Ty=InvItems,
              _Tuple1=std::tuple<const unsigned int &>,
              _Tuple2=std::tuple<>
          ]
  e:\program files\vs2017\vc\tools\msvc\14.10.25017\include\xmemory0(840): note: see reference to function template instantiation 'std::pair<const _Kty,_Ty>::pair<const unsigned int&,>(std::piecewise_construct_t,std::tuple<const unsigned int &>,std::tuple<>)' being compiled
          with
          [
              _Kty=unsigned int,
              _Ty=InvItems
          ]
  e:\program files\vs2017\vc\tools\msvc\14.10.25017\include\xmemory0(840): note: see reference to function template instantiation 'std::pair<const _Kty,_Ty>::pair<const unsigned int&,>(std::piecewise_construct_t,std::tuple<const unsigned int &>,std::tuple<>)' being compiled
          with
          [
              _Kty=unsigned int,
              _Ty=InvItems
          ]
  e:\program files\vs2017\vc\tools\msvc\14.10.25017\include\xmemory0(959): note: see reference to function template instantiation 'void std::allocator<_Other>::construct<_Objty,const std::piecewise_construct_t&,_Ty,std::tuple<>>(_Objty *,const std::piecewise_construct_t &,_Ty &&,std::tuple<> &&)' being compiled
          with
          [
              _Other=std::_Tree_node<std::pair<const unsigned int,InvItems>,void *>,
              _Objty=std::pair<const unsigned int,InvItems>,
              _Ty=std::tuple<const unsigned int &>
          ]
  e:\program files\vs2017\vc\tools\msvc\14.10.25017\include\xmemory0(959): note: see reference to function template instantiation 'void std::allocator<_Other>::construct<_Objty,const std::piecewise_construct_t&,_Ty,std::tuple<>>(_Objty *,const std::piecewise_construct_t &,_Ty &&,std::tuple<> &&)' being compiled
          with
          [
              _Other=std::_Tree_node<std::pair<const unsigned int,InvItems>,void *>,
              _Objty=std::pair<const unsigned int,InvItems>,
              _Ty=std::tuple<const unsigned int &>
          ]
  e:\program files\vs2017\vc\tools\msvc\14.10.25017\include\xmemory0(1097): note: see reference to function template instantiation 'void std::allocator_traits<_Alloc>::construct<_Ty,const std::piecewise_construct_t&,std::tuple<const unsigned int &>,std::tuple<>>(std::allocator<_Other> &,_Objty *,const std::piecewise_construct_t &,std::tuple<const unsigned int &> &&,std::tuple<> &&)' being compiled
          with
          [
              _Alloc=std::allocator<std::_Tree_node<std::pair<const unsigned int,InvItems>,void *>>,
              _Ty=std::pair<const unsigned int,InvItems>,
              _Other=std::_Tree_node<std::pair<const unsigned int,InvItems>,void *>,
              _Objty=std::pair<const unsigned int,InvItems>
          ]
  e:\program files\vs2017\vc\tools\msvc\14.10.25017\include\xmemory0(1096): note: see reference to function template instantiation 'void std::allocator_traits<_Alloc>::construct<_Ty,const std::piecewise_construct_t&,std::tuple<const unsigned int &>,std::tuple<>>(std::allocator<_Other> &,_Objty *,const std::piecewise_construct_t &,std::tuple<const unsigned int &> &&,std::tuple<> &&)' being compiled
          with
          [
              _Alloc=std::allocator<std::_Tree_node<std::pair<const unsigned int,InvItems>,void *>>,
              _Ty=std::pair<const unsigned int,InvItems>,
              _Other=std::_Tree_node<std::pair<const unsigned int,InvItems>,void *>,
              _Objty=std::pair<const unsigned int,InvItems>
          ]
  e:\program files\vs2017\vc\tools\msvc\14.10.25017\include\xtree(904): note: see reference to function template instantiation 'void std::_Wrap_alloc<std::allocator<_Other>>::construct<_Ty,const std::piecewise_construct_t&,std::tuple<const unsigned int &>,std::tuple<>>(_Ty *,const std::piecewise_construct_t &,std::tuple<const unsigned int &> &&,std::tuple<> &&)' being compiled
          with
          [
              _Other=std::_Tree_node<std::pair<const unsigned int,InvItems>,void *>,
              _Ty=std::pair<const unsigned int,InvItems>
          ]
  e:\program files\vs2017\vc\tools\msvc\14.10.25017\include\xtree(902): note: see reference to function template instantiation 'void std::_Wrap_alloc<std::allocator<_Other>>::construct<_Ty,const std::piecewise_construct_t&,std::tuple<const unsigned int &>,std::tuple<>>(_Ty *,const std::piecewise_construct_t &,std::tuple<const unsigned int &> &&,std::tuple<> &&)' being compiled
          with
          [
              _Other=std::_Tree_node<std::pair<const unsigned int,InvItems>,void *>,
              _Ty=std::pair<const unsigned int,InvItems>
          ]
  e:\program files\vs2017\vc\tools\msvc\14.10.25017\include\xtree(1092): note: see reference to function template instantiation 'std::_Tree_node<std::pair<const _Kty,_Ty>,void *> *std::_Tree_comp_alloc<_Traits>::_Buynode<const std::piecewise_construct_t&,std::tuple<const unsigned int &>,std::tuple<>>(const std::piecewise_construct_t &,std::tuple<const unsigned int &> &&,std::tuple<> &&)' being compiled
          with
          [
              _Kty=unsigned int,
              _Ty=InvItems,
              _Traits=std::_Tmap_traits<unsigned int,InvItems,std::less<unsigned int>,std::allocator<std::pair<const unsigned int,InvItems>>,false>
          ]
  e:\program files\vs2017\vc\tools\msvc\14.10.25017\include\xtree(1092): note: see reference to function template instantiation 'std::_Tree_node<std::pair<const _Kty,_Ty>,void *> *std::_Tree_comp_alloc<_Traits>::_Buynode<const std::piecewise_construct_t&,std::tuple<const unsigned int &>,std::tuple<>>(const std::piecewise_construct_t &,std::tuple<const unsigned int &> &&,std::tuple<> &&)' being compiled
          with
          [
              _Kty=unsigned int,
              _Ty=InvItems,
              _Traits=std::_Tmap_traits<unsigned int,InvItems,std::less<unsigned int>,std::allocator<std::pair<const unsigned int,InvItems>>,false>
          ]
  e:\program files\vs2017\vc\tools\msvc\14.10.25017\include\map(221): note: see reference to function template instantiation 'std::_Tree_iterator<std::_Tree_val<std::_Tree_simple_types<std::pair<const _Kty,_Ty>>>> std::_Tree<std::_Tmap_traits<_Kty,_Ty,_Pr,_Alloc,false>>::emplace_hint<const std::piecewise_construct_t&,std::tuple<const unsigned int &>,std::tuple<>>(std::_Tree_const_iterator<std::_Tree_val<std::_Tree_simple_types<std::pair<const _Kty,_Ty>>>>,const std::piecewise_construct_t &,std::tuple<const unsigned int &> &&,std::tuple<> &&)' being compiled
          with
          [
              _Kty=unsigned int,
              _Ty=InvItems,
              _Pr=std::less<unsigned int>,
              _Alloc=std::allocator<std::pair<const unsigned int,InvItems>>
          ]
  e:\program files\vs2017\vc\tools\msvc\14.10.25017\include\map(221): note: see reference to function template instantiation 'std::_Tree_iterator<std::_Tree_val<std::_Tree_simple_types<std::pair<const _Kty,_Ty>>>> std::_Tree<std::_Tmap_traits<_Kty,_Ty,_Pr,_Alloc,false>>::emplace_hint<const std::piecewise_construct_t&,std::tuple<const unsigned int &>,std::tuple<>>(std::_Tree_const_iterator<std::_Tree_val<std::_Tree_simple_types<std::pair<const _Kty,_Ty>>>>,const std::piecewise_construct_t &,std::tuple<const unsigned int &> &&,std::tuple<> &&)' being compiled
          with
          [
              _Kty=unsigned int,
              _Ty=InvItems,
              _Pr=std::less<unsigned int>,
              _Alloc=std::allocator<std::pair<const unsigned int,InvItems>>
          ]
  e:\program files\vs2017\vc\tools\msvc\14.10.25017\include\map(237): note: see reference to function template instantiation 'std::pair<std::_Tree_iterator<std::_Tree_val<std::_Tree_simple_types<std::pair<const _Kty,_Ty>>>>,bool> std::map<_Kty,_Ty,std::less<_Kty>,std::allocator<std::pair<const _Kty,_Ty>>>::_Try_emplace<const unsigned int&,>(_Keyty)' being compiled
          with
          [
              _Kty=unsigned int,
              _Ty=InvItems,
              _Keyty=const unsigned int &
          ]
  e:\program files\vs2017\vc\tools\msvc\14.10.25017\include\map(237): note: see reference to function template instantiation 'std::pair<std::_Tree_iterator<std::_Tree_val<std::_Tree_simple_types<std::pair<const _Kty,_Ty>>>>,bool> std::map<_Kty,_Ty,std::less<_Kty>,std::allocator<std::pair<const _Kty,_Ty>>>::_Try_emplace<const unsigned int&,>(_Keyty)' being compiled
          with
          [
              _Kty=unsigned int,
              _Ty=InvItems,
              _Keyty=const unsigned int &
          ]
  e:\program files\vs2017\vc\tools\msvc\14.10.25017\include\map(352): note: see reference to function template instantiation 'std::pair<std::_Tree_iterator<std::_Tree_val<std::_Tree_simple_types<std::pair<const _Kty,_Ty>>>>,bool> std::map<_Kty,_Ty,std::less<_Kty>,std::allocator<std::pair<const _Kty,_Ty>>>::try_emplace<>(const unsigned int &)' being compiled
          with
          [
              _Kty=unsigned int,
              _Ty=InvItems
          ]
  e:\program files\vs2017\vc\tools\msvc\14.10.25017\include\map(352): note: see reference to function template instantiation 'std::pair<std::_Tree_iterator<std::_Tree_val<std::_Tree_simple_types<std::pair<const _Kty,_Ty>>>>,bool> std::map<_Kty,_Ty,std::less<_Kty>,std::allocator<std::pair<const _Kty,_Ty>>>::try_emplace<>(const unsigned int &)' being compiled
          with
          [
              _Kty=unsigned int,
              _Ty=InvItems
          ]
  e:\program files\vs2017\vc\tools\msvc\14.10.25017\include\map(351): note: while compiling class template member function 'InvItems &std::map<unsigned int,InvItems,std::less<_Kty>,std::allocator<std::pair<const _Kty,_Ty>>>::operator [](const unsigned int &)'
          with
          [
              _Kty=unsigned int,
              _Ty=InvItems
          ]
  e:\my documents\visual studio 2013\projects\myfirstrpg\abstractcomponentsystem\systems\s_inventory.cpp(48): note: see reference to function template instantiation 'InvItems &std::map<unsigned int,InvItems,std::less<_Kty>,std::allocator<std::pair<const _Kty,_Ty>>>::operator [](const unsigned int &)' being compiled
          with
          [
              _Kty=unsigned int,
              _Ty=InvItems
          ]
  e:\my documents\visual studio 2013\projects\myfirstrpg\abstractcomponentsystem\systems\s_inventory.h(48): note: see reference to class template instantiation 'std::map<unsigned int,InvItems,std::less<_Kty>,std::allocator<std::pair<const _Kty,_Ty>>>' being compiled
          with
          [
              _Kty=unsigned int,
              _Ty=InvItems
          ]
  Generating Code...
  Compiling...
  Main.cpp
  Generating Code...
  Compiling...
  UIPlayerInventory.cpp
  s_UIGraphics.cpp
  s_Input.cpp
  s_EntityFactory.cpp
e:\my documents\visual studio 2013\projects\myfirstrpg\abstractcomponentsystem\systems\s_entityfactory.cpp(184): warning C4244: 'initializing': conversion from 'float' to 'int', possible loss of data
e:\my documents\visual studio 2013\projects\myfirstrpg\abstractcomponentsystem\systems\s_entityfactory.cpp(185): warning C4244: 'initializing': conversion from 'float' to 'int', possible loss of data
e:\my documents\visual studio 2013\projects\myfirstrpg\abstractcomponentsystem\systems\s_entityfactory.cpp(186): warning C4244: 'initializing': conversion from 'float' to 'int', possible loss of data
  SystemManager.cpp
  Sys.cpp
  StateStack.cpp
  GameState.cpp
  Generating Code...
  Skipping... (no relevant changes detected)
  BagItem.cpp
